<?xml version="1.0" encoding="UTF-8"?>
<robot generator="Robot 5.0.1 (Python 3.10.7 on win32)" generated="20221112 19:44:13.391" rpa="false" schemaversion="3">
<suite id="s1" name="P17 L1 WebTableDemo2" source="C:\development\robot-scripts\Automation\TestCases\P17_L1_WebTableDemo2.robot">
<test id="s1-t1" name="Table Test" line="7">
<kw name="Open Browser" library="SeleniumLibrary">
<arg>${url}</arg>
<arg>${browser}</arg>
<doc>Opens a new browser instance to the optional ``url``.</doc>
<msg timestamp="20221112 19:44:13.592" level="INFO">Opening browser 'chrome' to base url 'https://the-internet.herokuapp.com/tables'.</msg>
<status status="PASS" starttime="20221112 19:44:13.592" endtime="20221112 19:44:16.754"/>
</kw>
<kw name="Maximize Browser Window" library="SeleniumLibrary">
<doc>Maximizes current browser window.</doc>
<status status="PASS" starttime="20221112 19:44:16.754" endtime="20221112 19:44:16.880"/>
</kw>
<kw name="Get Text" library="SeleniumLibrary">
<var>${data}</var>
<arg>xpath://table[@id='table1']/tbody/tr[2]/td[5]</arg>
<doc>Returns the text value of the element identified by ``locator``.</doc>
<msg timestamp="20221112 19:44:16.902" level="INFO">${data} = http://www.frank.com</msg>
<status status="PASS" starttime="20221112 19:44:16.881" endtime="20221112 19:44:16.902"/>
</kw>
<kw name="Get Element Count" library="SeleniumLibrary">
<var>${Columns}</var>
<arg>xpath://table[@id='table1']/tbody/tr[2]/td</arg>
<doc>Returns the number of elements matching ``locator``.</doc>
<msg timestamp="20221112 19:44:16.911" level="INFO">${Columns} = 6</msg>
<status status="PASS" starttime="20221112 19:44:16.903" endtime="20221112 19:44:16.911"/>
</kw>
<kw name="Get Text" library="SeleniumLibrary">
<var>${Rows}</var>
<arg>xpath://table[@id='table1']</arg>
<doc>Returns the text value of the element identified by ``locator``.</doc>
<msg timestamp="20221112 19:44:16.941" level="INFO">${Rows} = Last Name First Name Email Due Web Site Action
Smith John jsmith@gmail.com $50.00 http://www.jsmith.com edit delete
Bach Frank fbach@yahoo.com $51.00 http://www.frank.com edit delete
Doe Jason jdoe@ho...</msg>
<status status="PASS" starttime="20221112 19:44:16.912" endtime="20221112 19:44:16.941"/>
</kw>
<kw name="Log To Console" library="BuiltIn">
<arg>${data}</arg>
<doc>Logs the given message to the console.</doc>
<status status="PASS" starttime="20221112 19:44:16.942" endtime="20221112 19:44:16.943"/>
</kw>
<kw name="Log To Console" library="BuiltIn">
<arg>${Columns}</arg>
<doc>Logs the given message to the console.</doc>
<status status="PASS" starttime="20221112 19:44:16.944" endtime="20221112 19:44:16.944"/>
</kw>
<kw name="Log To Console" library="BuiltIn">
<arg>${Rows}</arg>
<doc>Logs the given message to the console.</doc>
<status status="PASS" starttime="20221112 19:44:16.944" endtime="20221112 19:44:16.945"/>
</kw>
<status status="PASS" starttime="20221112 19:44:13.591" endtime="20221112 19:44:16.946"/>
</test>
<test id="s1-t2" name="Validations" line="20">
<kw name="Wait Until Element Is Visible" library="SeleniumLibrary">
<arg>xpath://table[@id='table2']</arg>
<doc>Waits until the element ``locator`` is visible.</doc>
<status status="PASS" starttime="20221112 19:44:16.947" endtime="20221112 19:44:16.970"/>
</kw>
<kw name="Table Header Should Contain" library="SeleniumLibrary">
<arg>xpath://table[@id='table2']</arg>
<arg>Action</arg>
<doc>Verifies table header contains text ``expected``.</doc>
<status status="PASS" starttime="20221112 19:44:16.970" endtime="20221112 19:44:17.082"/>
</kw>
<kw name="Table Row Should Contain" library="SeleniumLibrary">
<arg>xpath://table[@id='table2']</arg>
<arg>3</arg>
<arg>http://www.jdoe.com</arg>
<doc>Verifies that table row contains text ``expected``.</doc>
<msg timestamp="20221112 19:44:17.230" level="INFO" html="true">&lt;/td&gt;&lt;/tr&gt;&lt;tr&gt;&lt;td colspan="3"&gt;&lt;a href="selenium-screenshot-1.png"&gt;&lt;img src="selenium-screenshot-1.png" width="800px"&gt;&lt;/a&gt;</msg>
<msg timestamp="20221112 19:44:17.231" level="FAIL">TypeError: '&gt;' not supported between instances of 'str' and 'int'</msg>
<status status="FAIL" starttime="20221112 19:44:17.083" endtime="20221112 19:44:17.235"/>
</kw>
<kw name="Table Column Should Contain" library="SeleniumLibrary">
<arg>xpath://table[@id='table2']</arg>
<arg>5</arg>
<arg>Web Site</arg>
<doc>Verifies table column contains text ``expected``.</doc>
<status status="NOT RUN" starttime="20221112 19:44:17.235" endtime="20221112 19:44:17.235"/>
</kw>
<kw name="Table Cell Should Contain" library="SeleniumLibrary">
<arg>xapth://table[@id='table2']</arg>
<arg>4</arg>
<arg>3</arg>
<arg>fbach@yahoo.com</arg>
<doc>Verifies table cell contains text ``expected``.</doc>
<status status="NOT RUN" starttime="20221112 19:44:17.236" endtime="20221112 19:44:17.236"/>
</kw>
<kw name="Close Browser" library="SeleniumLibrary">
<doc>Closes the current browser.</doc>
<status status="NOT RUN" starttime="20221112 19:44:17.236" endtime="20221112 19:44:17.236"/>
</kw>
<status status="FAIL" starttime="20221112 19:44:16.947" endtime="20221112 19:44:17.236">TypeError: '&gt;' not supported between instances of 'str' and 'int'</status>
</test>
<status status="FAIL" starttime="20221112 19:44:13.393" endtime="20221112 19:44:17.238"/>
</suite>
<statistics>
<total>
<stat pass="1" fail="1" skip="0">All Tests</stat>
</total>
<tag>
</tag>
<suite>
<stat pass="1" fail="1" skip="0" id="s1" name="P17 L1 WebTableDemo2">P17 L1 WebTableDemo2</stat>
</suite>
</statistics>
<errors>
</errors>
</robot>
