<?xml version="1.0" encoding="UTF-8"?>
<robot generator="Robot 6.0.1 (Python 3.10.7 on win32)" generated="20221125 01:30:45.404" rpa="false" schemaversion="3">
<suite id="s1" name="P2303RegistrationTestPOM" source="C:\development\robot-scripts\Automation\TestCases\P2303RegistrationTestPOM.robot">
<test id="s1-t1" name="Register Test" line="16">
<kw name="Open my browser" library="P2304RegisterKeywordss">
<arg>${url}</arg>
<arg>${Browser}</arg>
<kw name="Open Browser" library="SeleniumLibrary">
<arg>${url}</arg>
<arg>${Browser}</arg>
<doc>Opens a new browser instance to the optional ``url``.</doc>
<msg timestamp="20221125 01:30:45.643" level="INFO">Opening browser 'chrome' to base url 'https://demowebshop.tricentis.com/register'.</msg>
<status status="PASS" starttime="20221125 01:30:45.642" endtime="20221125 01:30:48.083"/>
</kw>
<kw name="Maximize Browser Window" library="SeleniumLibrary">
<doc>Maximizes current browser window.</doc>
<status status="PASS" starttime="20221125 01:30:48.083" endtime="20221125 01:30:48.205"/>
</kw>
<status status="PASS" starttime="20221125 01:30:45.641" endtime="20221125 01:30:48.205"/>
</kw>
<kw name="Mark your gender" library="P2304RegisterKeywordss">
<arg>${Gender}</arg>
<kw name="Select Radio Button" library="SeleniumLibrary">
<arg>Gender</arg>
<arg>${Gender}</arg>
<doc>Sets the radio button group ``group_name`` to ``value``.</doc>
<msg timestamp="20221125 01:30:48.206" level="INFO">Selecting 'F' from radio button 'Gender'.</msg>
<status status="PASS" starttime="20221125 01:30:48.206" endtime="20221125 01:30:48.263"/>
</kw>
<status status="PASS" starttime="20221125 01:30:48.206" endtime="20221125 01:30:48.264"/>
</kw>
<kw name="Enter First Name" library="P2304RegisterKeywordss">
<arg>${firstname}</arg>
<kw name="Input Text" library="SeleniumLibrary">
<arg>${firstNameReg}</arg>
<arg>${firstname}</arg>
<doc>Types the given ``text`` into the text field identified by ``locator``.</doc>
<msg timestamp="20221125 01:30:48.265" level="INFO">Typing text 'sican' into text field 'name:FirstName'.</msg>
<status status="PASS" starttime="20221125 01:30:48.264" endtime="20221125 01:30:48.339"/>
</kw>
<status status="PASS" starttime="20221125 01:30:48.264" endtime="20221125 01:30:48.339"/>
</kw>
<kw name="Enter Last Name" library="P2304RegisterKeywordss">
<arg>${lastname}</arg>
<kw name="Input Text" library="SeleniumLibrary">
<arg>${lastNameReg}</arg>
<arg>${lastname}</arg>
<doc>Types the given ``text`` into the text field identified by ``locator``.</doc>
<msg timestamp="20221125 01:30:48.340" level="INFO">Typing text 'hasan' into text field 'name:LastName'.</msg>
<status status="PASS" starttime="20221125 01:30:48.340" endtime="20221125 01:30:48.416"/>
</kw>
<status status="PASS" starttime="20221125 01:30:48.339" endtime="20221125 01:30:48.416"/>
</kw>
<kw name="Enter Email" library="P2304RegisterKeywordss">
<arg>${email}</arg>
<kw name="Input Text" library="SeleniumLibrary">
<arg>${emailReg}</arg>
<arg>${email}</arg>
<doc>Types the given ``text`` into the text field identified by ``locator``.</doc>
<msg timestamp="20221125 01:30:48.416" level="INFO">Typing text 'gertyekrh@hopkddlk.com' into text field 'name:Email'.</msg>
<status status="PASS" starttime="20221125 01:30:48.416" endtime="20221125 01:30:48.503"/>
</kw>
<status status="PASS" starttime="20221125 01:30:48.416" endtime="20221125 01:30:48.503"/>
</kw>
<kw name="Enter Password" library="P2304RegisterKeywordss">
<arg>${Password}</arg>
<kw name="Input Text" library="SeleniumLibrary">
<arg>${passwordReg}</arg>
<arg>${password}</arg>
<doc>Types the given ``text`` into the text field identified by ``locator``.</doc>
<msg timestamp="20221125 01:30:48.505" level="INFO">Typing text 'hasanfare' into text field 'name:Password'.</msg>
<status status="PASS" starttime="20221125 01:30:48.504" endtime="20221125 01:30:48.581"/>
</kw>
<kw name="Input Text" library="SeleniumLibrary">
<arg>${confirmPasswordReg}</arg>
<arg>${password}</arg>
<doc>Types the given ``text`` into the text field identified by ``locator``.</doc>
<msg timestamp="20221125 01:30:48.582" level="INFO">Typing text 'hasanfare' into text field 'name:ConfirmPassword'.</msg>
<status status="PASS" starttime="20221125 01:30:48.581" endtime="20221125 01:30:48.657"/>
</kw>
<status status="PASS" starttime="20221125 01:30:48.504" endtime="20221125 01:30:48.657"/>
</kw>
<kw name="Click register Button" library="P2304RegisterKeywordss">
<kw name="Click Button" library="SeleniumLibrary">
<arg>${registerButton}</arg>
<doc>Clicks the button identified by ``locator``.</doc>
<msg timestamp="20221125 01:30:48.658" level="INFO">Clicking button 'xpath://input[@id='register-button']'.</msg>
<status status="PASS" starttime="20221125 01:30:48.658" endtime="20221125 01:30:49.433"/>
</kw>
<status status="PASS" starttime="20221125 01:30:48.657" endtime="20221125 01:30:49.433"/>
</kw>
<kw name="Verify Account Registered" library="P2304RegisterKeywordss">
<kw name="Page Should Contain" library="SeleniumLibrary">
<arg>Your registration completed</arg>
<doc>Verifies that current page contains ``text``.</doc>
<msg timestamp="20221125 01:30:49.453" level="INFO">Current page contains text 'Your registration completed'.</msg>
<status status="PASS" starttime="20221125 01:30:49.434" endtime="20221125 01:30:49.453"/>
</kw>
<status status="PASS" starttime="20221125 01:30:49.433" endtime="20221125 01:30:49.453"/>
</kw>
<kw name="Close All Browsers" library="SeleniumLibrary">
<doc>Closes all open browsers and resets the browser cache.</doc>
<status status="PASS" starttime="20221125 01:30:49.454" endtime="20221125 01:30:51.548"/>
</kw>
<status status="PASS" starttime="20221125 01:30:45.641" endtime="20221125 01:30:51.551"/>
</test>
<status status="PASS" starttime="20221125 01:30:45.406" endtime="20221125 01:30:51.556"/>
</suite>
<statistics>
<total>
<stat pass="1" fail="0" skip="0">All Tests</stat>
</total>
<tag>
</tag>
<suite>
<stat pass="1" fail="0" skip="0" id="s1" name="P2303RegistrationTestPOM">P2303RegistrationTestPOM</stat>
</suite>
</statistics>
<errors>
</errors>
</robot>
