<?xml version="1.0" encoding="UTF-8"?>
<robot generator="Robot 6.0.1 (Python 3.10.7 on win32)" generated="20221119 11:50:31.789" rpa="false" schemaversion="3">
<suite id="s1" name="P1901 DDT Excel" source="C:\development\robot-scripts\Automation\TestCases\P1901_DDT_Excel.robot">
<kw name="Open my browser" library="P1802_LoginResources" type="SETUP">
<kw name="Open Browser" library="SeleniumLibrary">
<arg>${LOGIN URL}</arg>
<arg>${BROWSER}</arg>
<doc>Opens a new browser instance to the optional ``url``.</doc>
<msg timestamp="20221119 11:50:32.045" level="INFO">Opening browser 'chrome' to base url 'https://admin-demo.nopcommerce.com/'.</msg>
<status status="PASS" starttime="20221119 11:50:32.044" endtime="20221119 11:50:35.618"/>
</kw>
<kw name="Maximize Browser Window" library="SeleniumLibrary">
<doc>Maximizes current browser window.</doc>
<status status="PASS" starttime="20221119 11:50:35.618" endtime="20221119 11:50:35.742"/>
</kw>
<status status="PASS" starttime="20221119 11:50:32.044" endtime="20221119 11:50:35.742"/>
</kw>
<test id="s1-t1" name="Right User empty pass" line="18">
<kw name="Invalid login">
<arg>${rightEmail}</arg>
<arg>${EMPTY}</arg>
<kw name="Input username" library="P1802_LoginResources">
<arg>${username}</arg>
<kw name="Input Text" library="SeleniumLibrary">
<arg>id:Email</arg>
<arg>${username}</arg>
<doc>Types the given ``text`` into the text field identified by ``locator``.</doc>
<msg timestamp="20221119 11:50:35.744" level="INFO">Typing text 'admin@yourstore.com' into text field 'id:Email'.</msg>
<status status="PASS" starttime="20221119 11:50:35.744" endtime="20221119 11:50:35.829"/>
</kw>
<status status="PASS" starttime="20221119 11:50:35.744" endtime="20221119 11:50:35.829"/>
</kw>
<kw name="Input pass" library="P1802_LoginResources">
<arg>${password}</arg>
<kw name="Input Text" library="SeleniumLibrary">
<arg>id:Password</arg>
<arg>${password}</arg>
<doc>Types the given ``text`` into the text field identified by ``locator``.</doc>
<msg timestamp="20221119 11:50:35.830" level="INFO">Typing text '' into text field 'id:Password'.</msg>
<status status="PASS" starttime="20221119 11:50:35.830" endtime="20221119 11:50:35.898"/>
</kw>
<status status="PASS" starttime="20221119 11:50:35.829" endtime="20221119 11:50:35.898"/>
</kw>
<kw name="Click login button" library="P1802_LoginResources">
<kw name="Click Element" library="SeleniumLibrary">
<arg>xpath://button[@type='submit']</arg>
<doc>Click the element identified by ``locator``.</doc>
<msg timestamp="20221119 11:50:35.899" level="INFO">Clicking element 'xpath://button[@type='submit']'.</msg>
<status status="PASS" starttime="20221119 11:50:35.898" endtime="20221119 11:50:36.252"/>
</kw>
<status status="PASS" starttime="20221119 11:50:35.898" endtime="20221119 11:50:36.252"/>
</kw>
<kw name="Error message should be visible" library="P1802_LoginResources">
<kw name="Page Should Contain" library="SeleniumLibrary">
<arg>Login was unsuccessful</arg>
<doc>Verifies that current page contains ``text``.</doc>
<msg timestamp="20221119 11:50:36.264" level="INFO">Current page contains text 'Login was unsuccessful'.</msg>
<status status="PASS" starttime="20221119 11:50:36.252" endtime="20221119 11:50:36.264"/>
</kw>
<status status="PASS" starttime="20221119 11:50:36.252" endtime="20221119 11:50:36.264"/>
</kw>
<status status="PASS" starttime="20221119 11:50:35.743" endtime="20221119 11:50:36.265"/>
</kw>
<status status="PASS" starttime="20221119 11:50:35.742" endtime="20221119 11:50:36.265"/>
</test>
<test id="s1-t2" name="Right User wrong pass" line="19">
<kw name="Invalid login">
<arg>${rightEmail}</arg>
<arg>${wrongPassword}</arg>
<kw name="Input username" library="P1802_LoginResources">
<arg>${username}</arg>
<kw name="Input Text" library="SeleniumLibrary">
<arg>id:Email</arg>
<arg>${username}</arg>
<doc>Types the given ``text`` into the text field identified by ``locator``.</doc>
<msg timestamp="20221119 11:50:36.268" level="INFO">Typing text 'admin@yourstore.com' into text field 'id:Email'.</msg>
<status status="PASS" starttime="20221119 11:50:36.267" endtime="20221119 11:50:36.356"/>
</kw>
<status status="PASS" starttime="20221119 11:50:36.267" endtime="20221119 11:50:36.356"/>
</kw>
<kw name="Input pass" library="P1802_LoginResources">
<arg>${password}</arg>
<kw name="Input Text" library="SeleniumLibrary">
<arg>id:Password</arg>
<arg>${password}</arg>
<doc>Types the given ``text`` into the text field identified by ``locator``.</doc>
<msg timestamp="20221119 11:50:36.357" level="INFO">Typing text 'xyzsa' into text field 'id:Password'.</msg>
<status status="PASS" starttime="20221119 11:50:36.356" endtime="20221119 11:50:36.427"/>
</kw>
<status status="PASS" starttime="20221119 11:50:36.356" endtime="20221119 11:50:36.427"/>
</kw>
<kw name="Click login button" library="P1802_LoginResources">
<kw name="Click Element" library="SeleniumLibrary">
<arg>xpath://button[@type='submit']</arg>
<doc>Click the element identified by ``locator``.</doc>
<msg timestamp="20221119 11:50:36.428" level="INFO">Clicking element 'xpath://button[@type='submit']'.</msg>
<status status="PASS" starttime="20221119 11:50:36.427" endtime="20221119 11:50:36.753"/>
</kw>
<status status="PASS" starttime="20221119 11:50:36.427" endtime="20221119 11:50:36.754"/>
</kw>
<kw name="Error message should be visible" library="P1802_LoginResources">
<kw name="Page Should Contain" library="SeleniumLibrary">
<arg>Login was unsuccessful</arg>
<doc>Verifies that current page contains ``text``.</doc>
<msg timestamp="20221119 11:50:36.771" level="INFO">Current page contains text 'Login was unsuccessful'.</msg>
<status status="PASS" starttime="20221119 11:50:36.755" endtime="20221119 11:50:36.771"/>
</kw>
<status status="PASS" starttime="20221119 11:50:36.754" endtime="20221119 11:50:36.772"/>
</kw>
<status status="PASS" starttime="20221119 11:50:36.267" endtime="20221119 11:50:36.772"/>
</kw>
<status status="PASS" starttime="20221119 11:50:36.266" endtime="20221119 11:50:36.772"/>
</test>
<test id="s1-t3" name="Wrong User Right pass" line="20">
<kw name="Invalid login">
<arg>${wrongUser}</arg>
<arg>${rightPassword}</arg>
<kw name="Input username" library="P1802_LoginResources">
<arg>${username}</arg>
<kw name="Input Text" library="SeleniumLibrary">
<arg>id:Email</arg>
<arg>${username}</arg>
<doc>Types the given ``text`` into the text field identified by ``locator``.</doc>
<msg timestamp="20221119 11:50:36.778" level="INFO">Typing text 'trsgxvx@yourstore.com' into text field 'id:Email'.</msg>
<status status="PASS" starttime="20221119 11:50:36.777" endtime="20221119 11:50:36.875"/>
</kw>
<status status="PASS" starttime="20221119 11:50:36.776" endtime="20221119 11:50:36.875"/>
</kw>
<kw name="Input pass" library="P1802_LoginResources">
<arg>${password}</arg>
<kw name="Input Text" library="SeleniumLibrary">
<arg>id:Password</arg>
<arg>${password}</arg>
<doc>Types the given ``text`` into the text field identified by ``locator``.</doc>
<msg timestamp="20221119 11:50:36.876" level="INFO">Typing text 'admin' into text field 'id:Password'.</msg>
<status status="PASS" starttime="20221119 11:50:36.875" endtime="20221119 11:50:36.946"/>
</kw>
<status status="PASS" starttime="20221119 11:50:36.875" endtime="20221119 11:50:36.947"/>
</kw>
<kw name="Click login button" library="P1802_LoginResources">
<kw name="Click Element" library="SeleniumLibrary">
<arg>xpath://button[@type='submit']</arg>
<doc>Click the element identified by ``locator``.</doc>
<msg timestamp="20221119 11:50:36.947" level="INFO">Clicking element 'xpath://button[@type='submit']'.</msg>
<status status="PASS" starttime="20221119 11:50:36.947" endtime="20221119 11:50:37.248"/>
</kw>
<status status="PASS" starttime="20221119 11:50:36.947" endtime="20221119 11:50:37.248"/>
</kw>
<kw name="Error message should be visible" library="P1802_LoginResources">
<kw name="Page Should Contain" library="SeleniumLibrary">
<arg>Login was unsuccessful</arg>
<doc>Verifies that current page contains ``text``.</doc>
<msg timestamp="20221119 11:50:37.259" level="INFO">Current page contains text 'Login was unsuccessful'.</msg>
<status status="PASS" starttime="20221119 11:50:37.249" endtime="20221119 11:50:37.259"/>
</kw>
<status status="PASS" starttime="20221119 11:50:37.248" endtime="20221119 11:50:37.259"/>
</kw>
<status status="PASS" starttime="20221119 11:50:36.776" endtime="20221119 11:50:37.259"/>
</kw>
<status status="PASS" starttime="20221119 11:50:36.774" endtime="20221119 11:50:37.260"/>
</test>
<test id="s1-t4" name="Wrong User empty pass" line="21">
<kw name="Invalid login">
<arg>${wrongUser}</arg>
<arg>${EMPTY}</arg>
<kw name="Input username" library="P1802_LoginResources">
<arg>${username}</arg>
<kw name="Input Text" library="SeleniumLibrary">
<arg>id:Email</arg>
<arg>${username}</arg>
<doc>Types the given ``text`` into the text field identified by ``locator``.</doc>
<msg timestamp="20221119 11:50:37.263" level="INFO">Typing text 'trsgxvx@yourstore.com' into text field 'id:Email'.</msg>
<status status="PASS" starttime="20221119 11:50:37.262" endtime="20221119 11:50:37.335"/>
</kw>
<status status="PASS" starttime="20221119 11:50:37.262" endtime="20221119 11:50:37.336"/>
</kw>
<kw name="Input pass" library="P1802_LoginResources">
<arg>${password}</arg>
<kw name="Input Text" library="SeleniumLibrary">
<arg>id:Password</arg>
<arg>${password}</arg>
<doc>Types the given ``text`` into the text field identified by ``locator``.</doc>
<msg timestamp="20221119 11:50:37.337" level="INFO">Typing text '' into text field 'id:Password'.</msg>
<status status="PASS" starttime="20221119 11:50:37.336" endtime="20221119 11:50:37.399"/>
</kw>
<status status="PASS" starttime="20221119 11:50:37.336" endtime="20221119 11:50:37.399"/>
</kw>
<kw name="Click login button" library="P1802_LoginResources">
<kw name="Click Element" library="SeleniumLibrary">
<arg>xpath://button[@type='submit']</arg>
<doc>Click the element identified by ``locator``.</doc>
<msg timestamp="20221119 11:50:37.400" level="INFO">Clicking element 'xpath://button[@type='submit']'.</msg>
<status status="PASS" starttime="20221119 11:50:37.400" endtime="20221119 11:50:37.737"/>
</kw>
<status status="PASS" starttime="20221119 11:50:37.400" endtime="20221119 11:50:37.737"/>
</kw>
<kw name="Error message should be visible" library="P1802_LoginResources">
<kw name="Page Should Contain" library="SeleniumLibrary">
<arg>Login was unsuccessful</arg>
<doc>Verifies that current page contains ``text``.</doc>
<msg timestamp="20221119 11:50:37.746" level="INFO">Current page contains text 'Login was unsuccessful'.</msg>
<status status="PASS" starttime="20221119 11:50:37.738" endtime="20221119 11:50:37.746"/>
</kw>
<status status="PASS" starttime="20221119 11:50:37.737" endtime="20221119 11:50:37.746"/>
</kw>
<status status="PASS" starttime="20221119 11:50:37.261" endtime="20221119 11:50:37.746"/>
</kw>
<status status="PASS" starttime="20221119 11:50:37.261" endtime="20221119 11:50:37.746"/>
</test>
<test id="s1-t5" name="Wrong User wrong pass" line="22">
<kw name="Invalid login">
<arg>${wrongUser}</arg>
<arg>${wrongPassword}</arg>
<kw name="Input username" library="P1802_LoginResources">
<arg>${username}</arg>
<kw name="Input Text" library="SeleniumLibrary">
<arg>id:Email</arg>
<arg>${username}</arg>
<doc>Types the given ``text`` into the text field identified by ``locator``.</doc>
<msg timestamp="20221119 11:50:37.749" level="INFO">Typing text 'trsgxvx@yourstore.com' into text field 'id:Email'.</msg>
<status status="PASS" starttime="20221119 11:50:37.749" endtime="20221119 11:50:37.824"/>
</kw>
<status status="PASS" starttime="20221119 11:50:37.748" endtime="20221119 11:50:37.824"/>
</kw>
<kw name="Input pass" library="P1802_LoginResources">
<arg>${password}</arg>
<kw name="Input Text" library="SeleniumLibrary">
<arg>id:Password</arg>
<arg>${password}</arg>
<doc>Types the given ``text`` into the text field identified by ``locator``.</doc>
<msg timestamp="20221119 11:50:37.826" level="INFO">Typing text 'xyzsa' into text field 'id:Password'.</msg>
<status status="PASS" starttime="20221119 11:50:37.825" endtime="20221119 11:50:37.894"/>
</kw>
<status status="PASS" starttime="20221119 11:50:37.824" endtime="20221119 11:50:37.894"/>
</kw>
<kw name="Click login button" library="P1802_LoginResources">
<kw name="Click Element" library="SeleniumLibrary">
<arg>xpath://button[@type='submit']</arg>
<doc>Click the element identified by ``locator``.</doc>
<msg timestamp="20221119 11:50:37.895" level="INFO">Clicking element 'xpath://button[@type='submit']'.</msg>
<status status="PASS" starttime="20221119 11:50:37.894" endtime="20221119 11:50:38.197"/>
</kw>
<status status="PASS" starttime="20221119 11:50:37.894" endtime="20221119 11:50:38.197"/>
</kw>
<kw name="Error message should be visible" library="P1802_LoginResources">
<kw name="Page Should Contain" library="SeleniumLibrary">
<arg>Login was unsuccessful</arg>
<doc>Verifies that current page contains ``text``.</doc>
<msg timestamp="20221119 11:50:38.206" level="INFO">Current page contains text 'Login was unsuccessful'.</msg>
<status status="PASS" starttime="20221119 11:50:38.197" endtime="20221119 11:50:38.206"/>
</kw>
<status status="PASS" starttime="20221119 11:50:38.197" endtime="20221119 11:50:38.206"/>
</kw>
<status status="PASS" starttime="20221119 11:50:37.748" endtime="20221119 11:50:38.206"/>
</kw>
<status status="PASS" starttime="20221119 11:50:37.747" endtime="20221119 11:50:38.207"/>
</test>
<status status="PASS" starttime="20221119 11:50:31.793" endtime="20221119 11:50:38.208"/>
</suite>
<statistics>
<total>
<stat pass="5" fail="0" skip="0">All Tests</stat>
</total>
<tag>
</tag>
<suite>
<stat pass="5" fail="0" skip="0" id="s1" name="P1901 DDT Excel">P1901 DDT Excel</stat>
</suite>
</statistics>
<errors>
</errors>
</robot>
