<?xml version="1.0" encoding="UTF-8"?>
<robot generator="Robot 5.0.1 (Python 3.10.7 on win32)" generated="20221105 18:18:19.352" rpa="false" schemaversion="3">
<suite id="s1" name="TC1" source="C:\development\robot-scripts\Automation\TestCases\TC1.robot">
<test id="s1-t1" name="LoginTest" line="10">
<kw name="Open Browser" library="SeleniumLibrary">
<arg>${url}</arg>
<arg>${browser}}</arg>
<doc>Opens a new browser instance to the optional ``url``.</doc>
<msg timestamp="20221105 18:18:19.573" level="INFO">Opening browser 'chrome}' to base url 'https://demo.nopcommerce.com/'.</msg>
<msg timestamp="20221105 18:18:19.573" level="INFO">Cannot capture screenshot because no browser is open.</msg>
<msg timestamp="20221105 18:18:19.573" level="FAIL">ValueError: chrome} is not a supported browser.</msg>
<status status="FAIL" starttime="20221105 18:18:19.572" endtime="20221105 18:18:19.575"/>
</kw>
<kw name="Maximize Browser Window" library="SeleniumLibrary">
<doc>Maximizes current browser window.</doc>
<status status="NOT RUN" starttime="20221105 18:18:19.576" endtime="20221105 18:18:19.577"/>
</kw>
<kw name="Click Link" library="SeleniumLibrary">
<arg>xpath://*[@class="ico-login"]</arg>
<doc>Clicks a link identified by ``locator``.</doc>
<status status="NOT RUN" starttime="20221105 18:18:19.577" endtime="20221105 18:18:19.577"/>
</kw>
<kw name="Input Text" library="SeleniumLibrary">
<arg>id:Email</arg>
<arg>pezoteyo@hml.com</arg>
<doc>Types the given ``text`` into the text field identified by ``locator``.</doc>
<status status="NOT RUN" starttime="20221105 18:18:19.578" endtime="20221105 18:18:19.578"/>
</kw>
<kw name="Input Text" library="SeleniumLibrary">
<arg>id:Password</arg>
<arg>Test*123</arg>
<doc>Types the given ``text`` into the text field identified by ``locator``.</doc>
<status status="NOT RUN" starttime="20221105 18:18:19.578" endtime="20221105 18:18:19.578"/>
</kw>
<kw name="Click Button" library="SeleniumLibrary">
<arg>xpath://*[@class="button-1 login-button"]</arg>
<doc>Clicks the button identified by ``locator``.</doc>
<status status="NOT RUN" starttime="20221105 18:18:19.578" endtime="20221105 18:18:19.578"/>
</kw>
<kw name="Close Browser" library="SeleniumLibrary">
<doc>Closes the current browser.</doc>
<status status="NOT RUN" starttime="20221105 18:18:19.578" endtime="20221105 18:18:19.579"/>
</kw>
<status status="FAIL" starttime="20221105 18:18:19.572" endtime="20221105 18:18:19.579">ValueError: chrome} is not a supported browser.</status>
</test>
<status status="FAIL" starttime="20221105 18:18:19.354" endtime="20221105 18:18:19.580"/>
</suite>
<statistics>
<total>
<stat pass="0" fail="1" skip="0">All Tests</stat>
</total>
<tag>
</tag>
<suite>
<stat pass="0" fail="1" skip="0" id="s1" name="TC1">TC1</stat>
</suite>
</statistics>
<errors>
</errors>
</robot>
