<?xml version="1.0" encoding="UTF-8"?>
<robot generator="Robot 5.0 (Python 3.10.7 on win32)" generated="20221116 21:01:53.978" rpa="false" schemaversion="3">
<suite id="s1" name="P17 L2 WebTableDemo" source="C:\development\robot-scripts\Automation\TestCases\P17_L2_WebTableDemo.robot">
<test id="s1-t1" name="TC1" line="11">
<kw name="Validations">
<kw name="Open Browser" library="SeleniumLibrary">
<arg>${url}</arg>
<arg>${browser}</arg>
<doc>Opens a new browser instance to the optional ``url``.</doc>
<msg timestamp="20221116 21:01:54.213" level="INFO">Opening browser 'chrome' to base url 'https://the-internet.herokuapp.com/tables'.</msg>
<status status="PASS" starttime="20221116 21:01:54.213" endtime="20221116 21:01:57.668"/>
</kw>
<kw name="Maximize Browser Window" library="SeleniumLibrary">
<doc>Maximizes current browser window.</doc>
<status status="PASS" starttime="20221116 21:01:57.668" endtime="20221116 21:01:57.805"/>
</kw>
<kw name="Table Header Should Contain" library="SeleniumLibrary">
<arg>id:table1</arg>
<arg>Action</arg>
<doc>Verifies table header contains text ``expected``.</doc>
<status status="PASS" starttime="20221116 21:01:57.805" endtime="20221116 21:01:57.931"/>
</kw>
<kw name="Table Row Should Contain" library="SeleniumLibrary">
<arg>xpath://table[@id="table1"]</arg>
<arg>3</arg>
<arg>osman</arg>
<doc>Verifies that table row contains text ``expected``.</doc>
<kw name="Capture Page Screenshot" library="SeleniumLibrary">
<doc>Takes a screenshot of the current page and embeds it into a log file.</doc>
<msg timestamp="20221116 21:01:58.133" level="INFO" html="true">&lt;/td&gt;&lt;/tr&gt;&lt;tr&gt;&lt;td colspan="3"&gt;&lt;a href="selenium-screenshot-2.png"&gt;&lt;img src="selenium-screenshot-2.png" width="800px"&gt;&lt;/a&gt;</msg>
<status status="PASS" starttime="20221116 21:01:57.994" endtime="20221116 21:01:58.133"/>
</kw>
<msg timestamp="20221116 21:01:58.133" level="FAIL">Table 'xpath://table[@id="table1"]' row 3 did not contain text 'osman'.</msg>
<status status="FAIL" starttime="20221116 21:01:57.931" endtime="20221116 21:01:58.155"/>
</kw>
<status status="FAIL" starttime="20221116 21:01:54.212" endtime="20221116 21:01:58.155"/>
</kw>
<status status="FAIL" starttime="20221116 21:01:54.210" endtime="20221116 21:01:58.156">Table 'xpath://table[@id="table1"]' row 3 did not contain text 'osman'.</status>
</test>
<status status="FAIL" starttime="20221116 21:01:53.979" endtime="20221116 21:01:58.158"/>
</suite>
<statistics>
<total>
<stat pass="0" fail="1" skip="0">All Tests</stat>
</total>
<tag>
</tag>
<suite>
<stat pass="0" fail="1" skip="0" id="s1" name="P17 L2 WebTableDemo">P17 L2 WebTableDemo</stat>
</suite>
</statistics>
<errors>
</errors>
</robot>
