<?xml version="1.0" encoding="UTF-8"?>
<robot generator="Robot 5.0.1 (Python 3.10.7 on win32)" generated="20221112 20:04:57.329" rpa="false" schemaversion="3">
<suite id="s1" name="P17 L1 WebTableDemo2" source="C:\development\robot-scripts\Automation\TestCases\P17_L1_WebTableDemo2.robot">
<test id="s1-t1" name="Table Test" line="7">
<kw name="Open Browser" library="SeleniumLibrary">
<arg>${url}</arg>
<arg>${browser}</arg>
<doc>Opens a new browser instance to the optional ``url``.</doc>
<msg timestamp="20221112 20:04:57.552" level="INFO">Opening browser 'chrome' to base url 'https://the-internet.herokuapp.com/tables'.</msg>
<status status="PASS" starttime="20221112 20:04:57.552" endtime="20221112 20:05:01.756"/>
</kw>
<kw name="Maximize Browser Window" library="SeleniumLibrary">
<doc>Maximizes current browser window.</doc>
<status status="PASS" starttime="20221112 20:05:01.756" endtime="20221112 20:05:01.879"/>
</kw>
<kw name="Get Text" library="SeleniumLibrary">
<var>${data}</var>
<arg>xpath://table[@id='table1']/tbody/tr[2]/td[5]</arg>
<doc>Returns the text value of the element identified by ``locator``.</doc>
<msg timestamp="20221112 20:05:01.939" level="INFO">${data} = http://www.frank.com</msg>
<status status="PASS" starttime="20221112 20:05:01.880" endtime="20221112 20:05:01.939"/>
</kw>
<kw name="Get Element Count" library="SeleniumLibrary">
<var>${Columns}</var>
<arg>xpath://table[@id='table1']/tbody/tr[2]/td</arg>
<doc>Returns the number of elements matching ``locator``.</doc>
<msg timestamp="20221112 20:05:01.956" level="INFO">${Columns} = 6</msg>
<status status="PASS" starttime="20221112 20:05:01.939" endtime="20221112 20:05:01.956"/>
</kw>
<kw name="Get Text" library="SeleniumLibrary">
<var>${Rows}</var>
<arg>xpath://table[@id='table1']</arg>
<doc>Returns the text value of the element identified by ``locator``.</doc>
<msg timestamp="20221112 20:05:01.997" level="INFO">${Rows} = Last Name First Name Email Due Web Site Action
Smith John jsmith@gmail.com $50.00 http://www.jsmith.com edit delete
Bach Frank fbach@yahoo.com $51.00 http://www.frank.com edit delete
Doe Jason jdoe@ho...</msg>
<status status="PASS" starttime="20221112 20:05:01.957" endtime="20221112 20:05:01.997"/>
</kw>
<kw name="Log To Console" library="BuiltIn">
<arg>${data}</arg>
<doc>Logs the given message to the console.</doc>
<status status="PASS" starttime="20221112 20:05:01.998" endtime="20221112 20:05:01.998"/>
</kw>
<kw name="Log To Console" library="BuiltIn">
<arg>${Columns}</arg>
<doc>Logs the given message to the console.</doc>
<status status="PASS" starttime="20221112 20:05:01.998" endtime="20221112 20:05:01.999"/>
</kw>
<kw name="Log To Console" library="BuiltIn">
<arg>${Rows}</arg>
<doc>Logs the given message to the console.</doc>
<status status="PASS" starttime="20221112 20:05:01.999" endtime="20221112 20:05:02.000"/>
</kw>
<status status="PASS" starttime="20221112 20:04:57.552" endtime="20221112 20:05:02.000"/>
</test>
<test id="s1-t2" name="Validations" line="20">
<kw name="Wait Until Element Is Visible" library="SeleniumLibrary">
<arg>xpath://table[@id='table2']</arg>
<doc>Waits until the element ``locator`` is visible.</doc>
<status status="PASS" starttime="20221112 20:05:02.001" endtime="20221112 20:05:02.022"/>
</kw>
<kw name="Table Cell Should Contain" library="SeleniumLibrary">
<arg>xapth://table[@id='table2']</arg>
<arg>4</arg>
<arg>3</arg>
<arg>fbach@yahoo.com</arg>
<doc>Verifies table cell contains text ``expected``.</doc>
<msg timestamp="20221112 20:05:02.165" level="INFO" html="true">&lt;/td&gt;&lt;/tr&gt;&lt;tr&gt;&lt;td colspan="3"&gt;&lt;a href="selenium-screenshot-4.png"&gt;&lt;img src="selenium-screenshot-4.png" width="800px"&gt;&lt;/a&gt;</msg>
<msg timestamp="20221112 20:05:02.165" level="FAIL">Table with locator 'xapth://table[@id='table2']' not found.</msg>
<status status="FAIL" starttime="20221112 20:05:02.022" endtime="20221112 20:05:02.169"/>
</kw>
<kw name="Close Browser" library="SeleniumLibrary">
<doc>Closes the current browser.</doc>
<status status="NOT RUN" starttime="20221112 20:05:02.169" endtime="20221112 20:05:02.169"/>
</kw>
<status status="FAIL" starttime="20221112 20:05:02.001" endtime="20221112 20:05:02.170">Table with locator 'xapth://table[@id='table2']' not found.</status>
</test>
<status status="FAIL" starttime="20221112 20:04:57.333" endtime="20221112 20:05:02.172"/>
</suite>
<statistics>
<total>
<stat pass="1" fail="1" skip="0">All Tests</stat>
</total>
<tag>
</tag>
<suite>
<stat pass="1" fail="1" skip="0" id="s1" name="P17 L1 WebTableDemo2">P17 L1 WebTableDemo2</stat>
</suite>
</statistics>
<errors>
</errors>
</robot>
