<?xml version="1.0" encoding="UTF-8"?>
<robot generator="Robot 5.0.1 (Python 3.10.7 on win32)" generated="20221112 02:56:30.700" rpa="false" schemaversion="3">
<suite id="s1" name="P15 L1 ForLoopDemo" source="C:\development\robot-scripts\Automation\TestCases\P15_L1_ForLoopDemo.robot">
<test id="s1-t1" name="ForLoop" line="5">
<kw name="ForLoop6WithExit">
<kw name="Create List" library="BuiltIn">
<var>@{items}</var>
<arg>1</arg>
<arg>2</arg>
<arg>3</arg>
<arg>4</arg>
<arg>5</arg>
<doc>Returns a list containing given items.</doc>
<msg timestamp="20221112 02:56:30.903" level="INFO">@{items} = [ 1 | 2 | 3 | 4 | 5 ]</msg>
<status status="PASS" starttime="20221112 02:56:30.902" endtime="20221112 02:56:30.903"/>
</kw>
<for flavor="IN">
<var>${i}</var>
<value>@{items}</value>
<iter>
<var name="${i}">1</var>
<kw name="Log To Console" library="BuiltIn">
<arg>${i}</arg>
<doc>Logs the given message to the console.</doc>
<status status="PASS" starttime="20221112 02:56:30.903" endtime="20221112 02:56:30.903"/>
</kw>
<kw name="Exit For Loop If" library="BuiltIn">
<arg>${i}==3</arg>
<doc>Stops executing the enclosing FOR loop if the ``condition`` is true.</doc>
<status status="PASS" starttime="20221112 02:56:30.904" endtime="20221112 02:56:30.904"/>
</kw>
<status status="PASS" starttime="20221112 02:56:30.903" endtime="20221112 02:56:30.904"/>
</iter>
<iter>
<var name="${i}">2</var>
<kw name="Log To Console" library="BuiltIn">
<arg>${i}</arg>
<doc>Logs the given message to the console.</doc>
<status status="PASS" starttime="20221112 02:56:30.904" endtime="20221112 02:56:30.904"/>
</kw>
<kw name="Exit For Loop If" library="BuiltIn">
<arg>${i}==3</arg>
<doc>Stops executing the enclosing FOR loop if the ``condition`` is true.</doc>
<status status="PASS" starttime="20221112 02:56:30.904" endtime="20221112 02:56:30.905"/>
</kw>
<status status="PASS" starttime="20221112 02:56:30.904" endtime="20221112 02:56:30.905"/>
</iter>
<iter>
<var name="${i}">3</var>
<kw name="Log To Console" library="BuiltIn">
<arg>${i}</arg>
<doc>Logs the given message to the console.</doc>
<status status="PASS" starttime="20221112 02:56:30.905" endtime="20221112 02:56:30.905"/>
</kw>
<kw name="Exit For Loop If" library="BuiltIn">
<arg>${i}==3</arg>
<doc>Stops executing the enclosing FOR loop if the ``condition`` is true.</doc>
<msg timestamp="20221112 02:56:30.906" level="INFO">Exiting for loop altogether.</msg>
<status status="PASS" starttime="20221112 02:56:30.905" endtime="20221112 02:56:30.906"/>
</kw>
<status status="PASS" starttime="20221112 02:56:30.905" endtime="20221112 02:56:30.906"/>
</iter>
<status status="PASS" starttime="20221112 02:56:30.903" endtime="20221112 02:56:30.906"/>
</for>
<status status="PASS" starttime="20221112 02:56:30.902" endtime="20221112 02:56:30.906"/>
</kw>
<status status="PASS" starttime="20221112 02:56:30.901" endtime="20221112 02:56:30.907"/>
</test>
<status status="PASS" starttime="20221112 02:56:30.702" endtime="20221112 02:56:30.908"/>
</suite>
<statistics>
<total>
<stat pass="1" fail="0" skip="0">All Tests</stat>
</total>
<tag>
</tag>
<suite>
<stat pass="1" fail="0" skip="0" id="s1" name="P15 L1 ForLoopDemo">P15 L1 ForLoopDemo</stat>
</suite>
</statistics>
<errors>
</errors>
</robot>
