<?xml version="1.0" encoding="UTF-8"?>
<robot generator="Robot 5.0.1 (Python 3.10.7 on win32)" generated="20221107 23:38:19.147" rpa="false" schemaversion="3">
<suite id="s1" name="SpeedTests" source="C:\development\robot-scripts\Automation\TestCases\SpeedTests.robot">
<test id="s1-t1" name="RegTest" line="6">
<kw name="Get Selenium Speed" library="SeleniumLibrary">
<var>${speed}</var>
<doc>Gets the delay that is waited after each Selenium command.</doc>
<msg timestamp="20221107 23:38:19.505" level="INFO">${speed} = 0 seconds</msg>
<status status="PASS" starttime="20221107 23:38:19.504" endtime="20221107 23:38:19.505"/>
</kw>
<kw name="Log To Console" library="BuiltIn">
<arg>${speed}</arg>
<doc>Logs the given message to the console.</doc>
<status status="PASS" starttime="20221107 23:38:19.505" endtime="20221107 23:38:19.505"/>
</kw>
<kw name="Open Browser" library="SeleniumLibrary">
<arg>https://demowebshop.tricentis.com/register</arg>
<arg>chrome</arg>
<doc>Opens a new browser instance to the optional ``url``.</doc>
<msg timestamp="20221107 23:38:19.506" level="INFO">Opening browser 'chrome' to base url 'https://demowebshop.tricentis.com/register'.</msg>
<status status="PASS" starttime="20221107 23:38:19.506" endtime="20221107 23:38:23.033"/>
</kw>
<kw name="Maximize Browser Window" library="SeleniumLibrary">
<doc>Maximizes current browser window.</doc>
<status status="PASS" starttime="20221107 23:38:23.033" endtime="20221107 23:38:23.153"/>
</kw>
<kw name="Set Selenium Speed" library="SeleniumLibrary">
<arg>1</arg>
<doc>Sets the delay that is waited after each Selenium command.</doc>
<status status="PASS" starttime="20221107 23:38:23.153" endtime="20221107 23:38:23.154"/>
</kw>
<kw name="Select Radio Button" library="SeleniumLibrary">
<arg>Gender</arg>
<arg>M</arg>
<doc>Sets the radio button group ``group_name`` to ``value``.</doc>
<msg timestamp="20221107 23:38:23.154" level="INFO">Selecting 'M' from radio button 'Gender'.</msg>
<status status="PASS" starttime="20221107 23:38:23.154" endtime="20221107 23:38:26.249"/>
</kw>
<kw name="Input Text" library="SeleniumLibrary">
<arg>name:FirstName</arg>
<arg>Osmo</arg>
<doc>Types the given ``text`` into the text field identified by ``locator``.</doc>
<msg timestamp="20221107 23:38:26.249" level="INFO">Typing text 'Osmo' into text field 'name:FirstName'.</msg>
<status status="PASS" starttime="20221107 23:38:26.249" endtime="20221107 23:38:29.357"/>
</kw>
<kw name="Input Text" library="SeleniumLibrary">
<arg>name:LastName</arg>
<arg>Sahanen</arg>
<doc>Types the given ``text`` into the text field identified by ``locator``.</doc>
<msg timestamp="20221107 23:38:29.357" level="INFO">Typing text 'Sahanen' into text field 'name:LastName'.</msg>
<status status="PASS" starttime="20221107 23:38:29.357" endtime="20221107 23:38:32.445"/>
</kw>
<kw name="Input Text" library="SeleniumLibrary">
<arg>name:Email</arg>
<arg>osmosahanen@trbnm.com</arg>
<doc>Types the given ``text`` into the text field identified by ``locator``.</doc>
<msg timestamp="20221107 23:38:32.446" level="INFO">Typing text 'osmosahanen@trbnm.com' into text field 'name:Email'.</msg>
<status status="PASS" starttime="20221107 23:38:32.445" endtime="20221107 23:38:35.582"/>
</kw>
<kw name="Input Text" library="SeleniumLibrary">
<arg>name:Password</arg>
<arg>SahanenOsmo</arg>
<doc>Types the given ``text`` into the text field identified by ``locator``.</doc>
<msg timestamp="20221107 23:38:35.583" level="INFO">Typing text 'SahanenOsmo' into text field 'name:Password'.</msg>
<status status="PASS" starttime="20221107 23:38:35.582" endtime="20221107 23:38:38.701"/>
</kw>
<kw name="Input Text" library="SeleniumLibrary">
<arg>name:ConfirmPassword</arg>
<arg>SahanenOsmo</arg>
<doc>Types the given ``text`` into the text field identified by ``locator``.</doc>
<msg timestamp="20221107 23:38:38.702" level="INFO">Typing text 'SahanenOsmo' into text field 'name:ConfirmPassword'.</msg>
<status status="PASS" starttime="20221107 23:38:38.701" endtime="20221107 23:38:41.812"/>
</kw>
<kw name="Get Selenium Speed" library="SeleniumLibrary">
<var>${speed}</var>
<doc>Gets the delay that is waited after each Selenium command.</doc>
<msg timestamp="20221107 23:38:41.813" level="INFO">${speed} = 1 second</msg>
<status status="PASS" starttime="20221107 23:38:41.813" endtime="20221107 23:38:41.814"/>
</kw>
<kw name="Log To Console" library="BuiltIn">
<arg>${speed}</arg>
<doc>Logs the given message to the console.</doc>
<status status="PASS" starttime="20221107 23:38:41.814" endtime="20221107 23:38:41.814"/>
</kw>
<status status="PASS" starttime="20221107 23:38:19.504" endtime="20221107 23:38:41.815"/>
</test>
<status status="PASS" starttime="20221107 23:38:19.149" endtime="20221107 23:38:41.816"/>
</suite>
<statistics>
<total>
<stat pass="1" fail="0" skip="0">All Tests</stat>
</total>
<tag>
</tag>
<suite>
<stat pass="1" fail="0" skip="0" id="s1" name="SpeedTests">SpeedTests</stat>
</suite>
</statistics>
<errors>
</errors>
</robot>
